=== GalaxyBot Server Operations Log ===
Started: 2026-05-18

============================================================
2026-05-18 14:50 UTC — MongoDB systemd service fixed
============================================================
Issue: galaxybot-mongod.service was failing (restart counter 242).
  Root-owned mongod (PID 6037, started by start.sh) held the lock;
  systemd tried to start another as mongodb user and failed.
Fix:
  - Killed root-owned mongod (PID 6037) + stale zombie (PID 8952)
  - chown -R mongodb:mongodb /data/db /var/log/mongodb
  - rm -f /data/db/mongod.lock
  - Started via systemctl start galaxybot-mongod (clean first try)
  - Reset failed restart counter: systemctl reset-failed galaxybot-mongod
  - Restarted galaxybot-server to reconnect
Result: All 3 services now track through systemd properly. Ports 9090,
  9091, 5150, 90, 27017 all listening.

============================================================
2026-05-18 14:50 UTC — start.sh modified
============================================================
Issue: start.sh launched MongoDB directly as root via mongod --fork,
  bypassing systemd and causing the ownership/lock conflict.
Fix: Replaced the direct mongod --fork call with:
    sudo systemctl start galaxybot-mongod
  Now all 3 services start consistently through systemd.

============================================================
2026-05-18 15:05 UTC — testuser password changed + accounts fixed
============================================================
Issue: testuser password changed to test1234, but login returned 406
  INVALID_CREDENTIALS. Also admin and testuser2 were missing from DB.
Root cause:
  - bcrypt hash used $2b$ prefix; Spring Security in the JAR only
    accepts $2a$ prefix
  - 6 failed attempts triggered 30-min rate limit
Fix:
  - Generated $2a$ bcrypt hash for test1234, updated testuser
  - Recreated admin (ADMIN rank) and testuser2 (USER rank) in DB
  - Cleared rate limit entries from game_risk_incidents
  - Restarted server to reload AccountCache + reset rate limiter
Current accounts (all password: test1234, bcrypt):
  - admin    / test1234  (ADMIN, admin@game.com)
  - testuser / test1234  (USER, your@email.com)
  - testuser2/ test1234  (USER, testuser2@email.com)

============================================================
2026-05-18 16:10 UTC — Dashboard registration rate limit bypassed
============================================================
Issue: LoginService.register() checks UserIPRepository.getIPConflict(ip)
  and returns REGISTRATION_LIMIT_REACHED if the IP has existing accounts.
  This affects ALL requests including dashboard admin registrations.
Fix: Patched LoginService bytecode — replaced invokeinterface for
  List.size() with pop+iconst_0+nop×3 (5 bytes, same length), so
  the ifle instruction always jumps past the limit error.
  Stack frame remains valid (pop cleans the List ref, iconst_0
  pushes the int that ifle consumes).
Files patched:
  - BOOT-INF/classes/com/go2super/service/LoginService.class
    Offset 28263: B9 03 CE 01 00 -> 57 03 00 00 00
Result: Dashboard can register unlimited accounts via
  POST /login/register/account with body {email, username, password,
  captcha, otp}

============================================================
2026-05-18 15:16 UTC — Crossdomain policy listener added (Flash error 2048 fix)
============================================================
Issue: Game client accepts login (REST API works) but hangs with
  Flash error 2048 (security sandbox violation) when connecting
  to game socket. The SWF needs a crossdomain.xml on port 843.
Fix:
  - Added crossdomain policy TCP listener to ws-bridge.py on port 843
  - Serves allow-access-from domain="*" to-ports="*"
  - Added AmbientCapabilities=CAP_NET_BIND_SERVICE to wsbridge service
    (port 843 is privileged, below 1024)
  - Updated both SRVRINSTALL/ and /opt/galaxybot/ copies
Result: Port 843 now listening and responding to policy file requests.
All services: mongod ✅  server ✅  wsbridge (9091 + 843) ✅

============================================================
2026-05-18 15:30 UTC — System setup, tools, healthcheck, backup cron
============================================================
System: Debian 13 (trixie), kernel 6.12.88, Plesk VM
Memory: 3.8GB RAM, 2GB swap added (was 0 — tight for Java 2-6GB heap)
Disk: 118GB total, 7.1GB used (106GB free)
Java: OpenJDK 21.0.11 (at /usr/lib/jvm/java-21-openjdk-amd64)
Python: 3.13.5
MongoDB: 8.0

Tools installed for maintenance:
  - jq          — JSON parsing for API responses
  - htop        — interactive process viewer
  - tree        — directory structure view
  - netcat-openbsd — TCP/UDP testing

Tools already present: curl, nc, screen, git, rsync, iotop, lsof, ss

Health check script created:
  /opt/galaxybot/healthcheck.sh   (also copied to SRVRINSTALL/)
  Run anytime: sudo bash /opt/galaxybot/healthcheck.sh
  Checks: services, ports, memory/swap, disk, login API, dashboard,
          MongoDB ping, crossdomain port 843, recent errors

Nightly MongoDB backup cron:
  - Backup dir: /opt/galaxybot/backups/
  - Schedule: 3am daily (crontab entry)
  - Keeps 7 days of backups
  - Script: /opt/galaxybot/backup-mongodb.sh

Swap file:
  - /swapfile, 2GB, added to /etc/fstab
  - Prevents OOM kills when Java heap + system memory peak

Known quirks (for catch-up after restart):
   1. start.sh now uses systemctl for MongoDB (not direct --fork)
   2. ws-bridge.py includes crossdomain listener on port 843
   3. galaxybot-wsbridge.service has AmbientCapabilities=CAP_NET_BIND_SERVICE
   4. BCrypt passwords must use $2a$ prefix (not $2b$) for Spring Boot compat
   5. All accounts use password 'test1234' (bcrypt $2a$)
   6. Dashboard admin login: admin@supergo2.com / Ff5E!68a*5on
   7. Login rate limiter: 5 failed attempts → 30 min cooldown (LoginRateLimiter)
   8. Registration IP check patched in LoginService bytecode (no per-IP limit)
   9. AccountCache is in-memory — DB changes need server restart
  10. MongoDB auth: galaxybot / Hak4oYk44ZahfRrepkFc
  11. Port 843 requires CAP_NET_BIND_SERVICE capability (privileged port)
  12. Git repo at SRVRINSTALL/ pushes to github.com/DelkakakleD/badckup
  13. Hourly cron: git commit/push + mongodump (/etc/cron.hourly/galaxybot-backup)
  14. Full backup (tarball) at 3am daily, 7-day retention

Complete account list (all password: test1234):
  - testuser  / your@email.com        / ADMIN
  - admin     / admin@game.com        / ADMIN
  - testuser2 / testuser2@email.com    / USER
  - newp5     / newp5@test.com        / USER
  - finalfix2 / finalfix2@test.com    / USER
  - finalfx3  / finalfx3@test.com     / USER
  - TESTER    / test@test.com         / USER

Note: LoginRateLimiter and ApiRateLimiter class files in JAR also have
      byte-level patches (return-false -> return-true) from earlier
      attempts; they no longer affect actual rate limit behavior

============================================================
2026-05-18 16:46 UTC — Full backup system set up (git + cron)
============================================================
Setup:
- Git repo initialized in SRVRINSTALL/ (tracks all configs, scripts)
- backup-full.sh: comprehensive nightly backup script
  - git add/commit of all config changes
  - mongodump of go2super DB (player accounts, game data)
  - systemd service file snapshots
  - server logs (last 7 days)
  - game-server JAR copy
  - Packages into dated tarball, retains 7 days
- Cron: 0 3 * * * (3am daily)
- Push to remote: PENDING (waiting for remote URL from user)

============================================================
2026-05-18 17:07 UTC — Remote git backup configured
============================================================
- GitHub remote added: https://github.com/DelkakakleD/badckup.git
- Auth via gh CLI (device login flow)
- backup-full.sh pushes config changes to GitHub after each backup
- 3am cron pushes config + MongoDB dump + logs nightly

============================================================
2026-05-18 17:09 UTC — Hourly git + mongodump backup added
============================================================
- backup-hourly.sh: git commit/push + mongodump every hour
  (keeps hourly mongodumps for 48 hours)
- Runs via /etc/cron.hourly/galaxybot-backup
- Full nightly backup (with tarball) at 3am unchanged
- Hourly dump is ~820K, completes in ~1 second
